build/app/intermediates/manifest_merge_blame_file/debug/manifest-merger-blame-debug-report.txt
1<?xml version="1.0" encoding="utf-8"?>
2<manifest xmlns:android="http://schemas.android.com/apk/res/android"
3    package="com.example.c19app"
4    android:versionCode="1"
5    android:versionName="1.0.0" >
6
7    <uses-sdk
8        android:minSdkVersion="21"
9        android:targetSdkVersion="30" />
10    <!--
11         Flutter needs it to communicate with the running application
12         to allow setting breakpoints, to provide hot reload, etc.
13    -->
14    <uses-permission android:name="android.permission.INTERNET" />
14-->src/debug/AndroidManifest.xml:6:5-66
14-->src/debug/AndroidManifest.xml:6:22-64
15    <uses-permission android:name="android.permission.ACCESS_NETWORK_STATE" />
15-->[com.google.firebase:firebase-auth:21.0.1] AndroidManifest.xml:24:5-79
15-->[com.google.firebase:firebase-auth:21.0.1] AndroidManifest.xml:24:22-76
16
17    <application
17-->src/main/AndroidManifest.xml:3:4-40:19
18        android:appComponentFactory="androidx.core.app.CoreComponentFactory"
18-->[androidx.core:core:1.1.0] AndroidManifest.xml:24:18-86
19        android:debuggable="true"
20        android:icon="@mipmap/ic_launcher"
20-->src/main/AndroidManifest.xml:5:9-43
21        android:label="c19app" >
21-->src/main/AndroidManifest.xml:4:9-31
22        <activity
22-->src/main/AndroidManifest.xml:6:9-34:20
23            android:name="com.example.c19app.MainActivity"
23-->src/main/AndroidManifest.xml:7:13-41
24            android:configChanges="orientation|keyboardHidden|keyboard|screenSize|smallestScreenSize|locale|layoutDirection|fontScale|screenLayout|density|uiMode"
24-->src/main/AndroidManifest.xml:10:13-163
25            android:hardwareAccelerated="true"
25-->src/main/AndroidManifest.xml:11:13-47
26            android:launchMode="singleTop"
26-->src/main/AndroidManifest.xml:8:13-43
27            android:theme="@style/LaunchTheme"
27-->src/main/AndroidManifest.xml:9:13-47
28            android:windowSoftInputMode="adjustResize" >
28-->src/main/AndroidManifest.xml:12:13-55
29
30            <!--
31                 Specifies an Android theme to apply to this Activity as soon as
32                 the Android process has started. This theme is visible to the user
33                 while the Flutter UI initializes. After that, this theme continues
34                 to determine the Window background behind the Flutter UI.
35            -->
36            <meta-data
36-->src/main/AndroidManifest.xml:17:13-20:17
37                android:name="io.flutter.embedding.android.NormalTheme"
37-->src/main/AndroidManifest.xml:18:15-70
38                android:resource="@style/NormalTheme" />
38-->src/main/AndroidManifest.xml:19:15-52
39            <!--
40                 Displays an Android View that continues showing the launch screen
41                 Drawable until Flutter paints its first frame, then this splash
42                 screen fades out. A splash screen is useful to avoid any visual
43                 gap between the end of Android's launch screen and the painting of
44                 Flutter's first frame.
45            -->
46            <meta-data
46-->src/main/AndroidManifest.xml:26:13-29:17
47                android:name="io.flutter.embedding.android.SplashScreenDrawable"
47-->src/main/AndroidManifest.xml:27:15-79
48                android:resource="@drawable/launch_background" />
48-->src/main/AndroidManifest.xml:28:15-61
49
50            <intent-filter>
50-->src/main/AndroidManifest.xml:30:13-33:29
51                <action android:name="android.intent.action.MAIN" />
51-->src/main/AndroidManifest.xml:31:17-68
51-->src/main/AndroidManifest.xml:31:25-66
52
53                <category android:name="android.intent.category.LAUNCHER" />
53-->src/main/AndroidManifest.xml:32:17-76
53-->src/main/AndroidManifest.xml:32:27-74
54            </intent-filter>
55        </activity>
56        <!--
57             Don't delete the meta-data below.
58             This is used by the Flutter tool to generate GeneratedPluginRegistrant.java
59        -->
60        <meta-data
60-->src/main/AndroidManifest.xml:37:9-39:33
61            android:name="flutterEmbedding"
61-->src/main/AndroidManifest.xml:38:13-44
62            android:value="2" />
62-->src/main/AndroidManifest.xml:39:13-30
63
64        <service
64-->[:firebase_auth] AndroidManifest.xml:8:9-12:19
65            android:name="com.google.firebase.components.ComponentDiscoveryService"
65-->[:firebase_auth] AndroidManifest.xml:8:18-89
66            android:directBootAware="true"
66-->[com.google.firebase:firebase-common:20.0.0] AndroidManifest.xml:35:13-43
67            android:exported="false" >
67-->[com.google.firebase:firebase-auth:21.0.1] AndroidManifest.xml:76:13-37
68            <meta-data
68-->[:firebase_auth] AndroidManifest.xml:9:13-11:85
69                android:name="com.google.firebase.components:io.flutter.plugins.firebase.auth.FlutterFirebaseAuthRegistrar"
69-->[:firebase_auth] AndroidManifest.xml:10:17-124
70                android:value="com.google.firebase.components.ComponentRegistrar" />
70-->[:firebase_auth] AndroidManifest.xml:11:17-82
71            <meta-data
71-->[:firebase_core] AndroidManifest.xml:9:13-11:85
72                android:name="com.google.firebase.components:io.flutter.plugins.firebase.core.FlutterFirebaseCoreRegistrar"
72-->[:firebase_core] AndroidManifest.xml:10:17-124
73                android:value="com.google.firebase.components.ComponentRegistrar" />
73-->[:firebase_core] AndroidManifest.xml:11:17-82
74            <meta-data
74-->[com.google.firebase:firebase-auth:21.0.1] AndroidManifest.xml:77:13-79:85
75                android:name="com.google.firebase.components:com.google.firebase.auth.FirebaseAuthRegistrar"
75-->[com.google.firebase:firebase-auth:21.0.1] AndroidManifest.xml:78:17-109
76                android:value="com.google.firebase.components.ComponentRegistrar" />
76-->[com.google.firebase:firebase-auth:21.0.1] AndroidManifest.xml:79:17-82
77        </service>
78
79        <activity
79-->[:url_launcher] AndroidManifest.xml:8:9-11:74
80            android:name="io.flutter.plugins.urllauncher.WebViewActivity"
80-->[:url_launcher] AndroidManifest.xml:9:13-74
81            android:exported="false"
81-->[:url_launcher] AndroidManifest.xml:10:13-37
82            android:theme="@android:style/Theme.NoTitleBar.Fullscreen" />
82-->[:url_launcher] AndroidManifest.xml:11:13-71
83        <activity
83-->[com.google.firebase:firebase-auth:21.0.1] AndroidManifest.xml:27:9-44:20
84            android:name="com.google.firebase.auth.internal.GenericIdpActivity"
84-->[com.google.firebase:firebase-auth:21.0.1] AndroidManifest.xml:28:13-80
85            android:excludeFromRecents="true"
85-->[com.google.firebase:firebase-auth:21.0.1] AndroidManifest.xml:29:13-46
86            android:exported="true"
86-->[com.google.firebase:firebase-auth:21.0.1] AndroidManifest.xml:30:13-36
87            android:launchMode="singleTask"
87-->[com.google.firebase:firebase-auth:21.0.1] AndroidManifest.xml:31:13-44
88            android:theme="@android:style/Theme.Translucent.NoTitleBar" >
88-->[com.google.firebase:firebase-auth:21.0.1] AndroidManifest.xml:32:13-72
89            <intent-filter>
89-->[com.google.firebase:firebase-auth:21.0.1] AndroidManifest.xml:33:13-43:29
90                <action android:name="android.intent.action.VIEW" />
90-->[com.google.firebase:firebase-auth:21.0.1] AndroidManifest.xml:34:17-69
90-->[com.google.firebase:firebase-auth:21.0.1] AndroidManifest.xml:34:25-66
91
92                <category android:name="android.intent.category.DEFAULT" />
92-->[com.google.firebase:firebase-auth:21.0.1] AndroidManifest.xml:36:17-76
92-->[com.google.firebase:firebase-auth:21.0.1] AndroidManifest.xml:36:27-73
93                <category android:name="android.intent.category.BROWSABLE" />
93-->[com.google.firebase:firebase-auth:21.0.1] AndroidManifest.xml:37:17-78
93-->[com.google.firebase:firebase-auth:21.0.1] AndroidManifest.xml:37:27-75
94
95                <data
95-->[com.google.firebase:firebase-auth:21.0.1] AndroidManifest.xml:39:17-42:51
96                    android:host="firebase.auth"
96-->[com.google.firebase:firebase-auth:21.0.1] AndroidManifest.xml:40:21-49
97                    android:path="/"
97-->[com.google.firebase:firebase-auth:21.0.1] AndroidManifest.xml:41:21-37
98                    android:scheme="genericidp" />
98-->[com.google.firebase:firebase-auth:21.0.1] AndroidManifest.xml:42:21-48
99            </intent-filter>
100        </activity>
101        <activity
101-->[com.google.firebase:firebase-auth:21.0.1] AndroidManifest.xml:45:9-62:20
102            android:name="com.google.firebase.auth.internal.RecaptchaActivity"
102-->[com.google.firebase:firebase-auth:21.0.1] AndroidManifest.xml:46:13-79
103            android:excludeFromRecents="true"
103-->[com.google.firebase:firebase-auth:21.0.1] AndroidManifest.xml:47:13-46
104            android:exported="true"
104-->[com.google.firebase:firebase-auth:21.0.1] AndroidManifest.xml:48:13-36
105            android:launchMode="singleTask"
105-->[com.google.firebase:firebase-auth:21.0.1] AndroidManifest.xml:49:13-44
106            android:theme="@android:style/Theme.Translucent.NoTitleBar" >
106-->[com.google.firebase:firebase-auth:21.0.1] AndroidManifest.xml:50:13-72
107            <intent-filter>
107-->[com.google.firebase:firebase-auth:21.0.1] AndroidManifest.xml:51:13-61:29
108                <action android:name="android.intent.action.VIEW" />
108-->[com.google.firebase:firebase-auth:21.0.1] AndroidManifest.xml:34:17-69
108-->[com.google.firebase:firebase-auth:21.0.1] AndroidManifest.xml:34:25-66
109
110                <category android:name="android.intent.category.DEFAULT" />
110-->[com.google.firebase:firebase-auth:21.0.1] AndroidManifest.xml:36:17-76
110-->[com.google.firebase:firebase-auth:21.0.1] AndroidManifest.xml:36:27-73
111                <category android:name="android.intent.category.BROWSABLE" />
111-->[com.google.firebase:firebase-auth:21.0.1] AndroidManifest.xml:37:17-78
111-->[com.google.firebase:firebase-auth:21.0.1] AndroidManifest.xml:37:27-75
112
113                <data
113-->[com.google.firebase:firebase-auth:21.0.1] AndroidManifest.xml:39:17-42:51
114                    android:host="firebase.auth"
114-->[com.google.firebase:firebase-auth:21.0.1] AndroidManifest.xml:40:21-49
115                    android:path="/"
115-->[com.google.firebase:firebase-auth:21.0.1] AndroidManifest.xml:41:21-37
116                    android:scheme="recaptcha" />
116-->[com.google.firebase:firebase-auth:21.0.1] AndroidManifest.xml:42:21-48
117            </intent-filter>
118        </activity>
119
120        <service
120-->[com.google.firebase:firebase-auth:21.0.1] AndroidManifest.xml:64:9-73:19
121            android:name="com.google.firebase.auth.api.fallback.service.FirebaseAuthFallbackService"
121-->[com.google.firebase:firebase-auth:21.0.1] AndroidManifest.xml:65:13-101
122            android:enabled="true"
122-->[com.google.firebase:firebase-auth:21.0.1] AndroidManifest.xml:66:13-35
123            android:exported="false" >
123-->[com.google.firebase:firebase-auth:21.0.1] AndroidManifest.xml:67:13-37
124            <intent-filter>
124-->[com.google.firebase:firebase-auth:21.0.1] AndroidManifest.xml:68:13-72:29
125                <action android:name="com.google.firebase.auth.api.gms.service.START" />
125-->[com.google.firebase:firebase-auth:21.0.1] AndroidManifest.xml:69:17-89
125-->[com.google.firebase:firebase-auth:21.0.1] AndroidManifest.xml:69:25-86
126
127                <category android:name="android.intent.category.DEFAULT" />
127-->[com.google.firebase:firebase-auth:21.0.1] AndroidManifest.xml:36:17-76
127-->[com.google.firebase:firebase-auth:21.0.1] AndroidManifest.xml:36:27-73
128            </intent-filter>
129        </service>
130
131        <activity
131-->[com.google.android.gms:play-services-base:17.1.0] AndroidManifest.xml:23:9-26:75
132            android:name="com.google.android.gms.common.api.GoogleApiActivity"
132-->[com.google.android.gms:play-services-base:17.1.0] AndroidManifest.xml:24:13-79
133            android:exported="false"
133-->[com.google.android.gms:play-services-base:17.1.0] AndroidManifest.xml:25:13-37
134            android:theme="@android:style/Theme.Translucent.NoTitleBar" />
134-->[com.google.android.gms:play-services-base:17.1.0] AndroidManifest.xml:26:13-72
135
136        <provider
136-->[com.google.firebase:firebase-common:20.0.0] AndroidManifest.xml:26:9-31:39
137            android:name="com.google.firebase.provider.FirebaseInitProvider"
137-->[com.google.firebase:firebase-common:20.0.0] AndroidManifest.xml:27:13-77
138            android:authorities="com.example.c19app.firebaseinitprovider"
138-->[com.google.firebase:firebase-common:20.0.0] AndroidManifest.xml:28:13-72
139            android:directBootAware="true"
139-->[com.google.firebase:firebase-common:20.0.0] AndroidManifest.xml:29:13-43
140            android:exported="false"
140-->[com.google.firebase:firebase-common:20.0.0] AndroidManifest.xml:30:13-37
141            android:initOrder="100" />
141-->[com.google.firebase:firebase-common:20.0.0] AndroidManifest.xml:31:13-36
142
143        <meta-data
143-->[com.google.android.gms:play-services-basement:17.1.0] AndroidManifest.xml:23:9-25:69
144            android:name="com.google.android.gms.version"
144-->[com.google.android.gms:play-services-basement:17.1.0] AndroidManifest.xml:24:13-58
145            android:value="@integer/google_play_services_version" />
145-->[com.google.android.gms:play-services-basement:17.1.0] AndroidManifest.xml:25:13-66
146    </application>
147
148</manifest>